2025-07-07 09:52:16,347 - INFO - 資料表建立完成
2025-07-07 09:52:16,347 - INFO - 資料庫初始化完成
2025-07-07 09:52:16,347 - INFO - 資料庫管理器初始化完成
2025-07-07 09:52:16,348 - INFO - 資料庫連線已關閉
2025-07-07 09:52:16,348 - INFO - PTT RAG主系統已關閉
2025-07-07 09:52:35,403 - INFO - 開始爬取PTT八卦版前5頁文章
2025-07-07 09:52:35,403 - INFO - PTT爬蟲初始化完成
2025-07-07 09:52:35,403 - INFO - 開始爬取PTT八卦版前5頁文章
2025-07-07 09:52:35,404 - INFO - 正在爬取第1頁: https://www.ptt.cc/bbs/Gossiping/index.html
2025-07-07 09:52:36,325 - INFO - 正在爬取文章: [問卦] 颱風假也是分化台灣人的一環嗎？
2025-07-07 09:52:37,706 - INFO - 正在爬取文章: Re: [問卦] 笑死颱風走這路線也不過如此
2025-07-07 09:52:39,037 - INFO - 正在爬取文章: Re: [問卦] 要如何改變台灣的民粹風氣？
2025-07-07 09:52:40,356 - INFO - 正在爬取文章: [問卦] 演講會恢復嗎？
2025-07-07 09:52:41,709 - INFO - 正在爬取文章: [問卦] 怎麼突然一堆人對台北沒放假這麼恨？
2025-07-07 09:52:43,153 - INFO - 正在爬取文章: [問卦] 小風小雨地區一直哭鬧想放假的人
2025-07-07 09:52:44,552 - INFO - 正在爬取文章: [問卦] 為什麼嘉義市會這麼慘
2025-07-07 09:52:45,872 - INFO - 正在爬取文章: [問卦] 為何南部不像台北把治水搞好？
2025-07-07 09:52:47,215 - INFO - 正在爬取文章: [問卦] 台東人以前是怎麼撐過強颱的阿……
2025-07-07 09:52:48,517 - INFO - 正在爬取文章: [問卦] 台灣沒有中央山脈是不是就海地
2025-07-07 09:52:49,878 - INFO - 正在爬取文章: Re: [新聞] 「打草」遭反噬！ 四叉貓疑遭報復檢舉
2025-07-07 09:52:51,225 - INFO - 正在爬取文章: [問卦] 高雄人：台北沒放到假羨慕嗎？
2025-07-07 09:52:52,524 - INFO - 正在爬取文章: [新聞] 麥當勞少女控主管性侵再議成功　士檢「新
2025-07-07 09:52:53,883 - INFO - 正在爬取文章: [問卦] 所以PTT站方有要說明貼網址問題嗎?
2025-07-07 09:52:55,212 - INFO - 正在爬取文章: [問卦] 今天臺北/新北人有啥計畫才專業的八卦?
2025-07-07 09:52:56,521 - INFO - 正在爬取文章: [問卦] 個資法羈押，要怎麼收場
2025-07-07 09:52:57,812 - INFO - 正在爬取文章: Re: [問卦] 怎麼突然一堆人對台北沒放假這麼恨？
2025-07-07 09:52:59,117 - INFO - 正在爬取文章: [新聞] 蔣萬安宣布上班課綠粉專留言4字 她轟不演
2025-07-07 09:53:00,422 - INFO - 正在爬取文章: [公告] 八卦板板規(2025.01.21)
2025-07-07 09:53:01,761 - INFO - 正在爬取文章: [公告] 【八卦金曲獎】一曲封神，全員高能爆燈！
2025-07-07 09:53:03,117 - INFO - 正在爬取文章: [協尋] 6/30台北市林森北路行車紀錄器
2025-07-07 09:53:04,531 - INFO - 正在爬取文章: [協尋] 07/04 台南新營長榮路二段行車記錄
2025-07-07 09:53:05,850 - INFO - 正在爬取文章: [公告] 7/6颱風PTT系統異常憐憫令
2025-07-07 09:53:09,286 - INFO - 正在爬取第2頁: https://www.ptt.cc/bbs/Gossiping/index38956.html
2025-07-07 09:53:09,682 - INFO - 正在爬取文章: [問卦] 風力歷史第三不能有災情？
2025-07-07 09:53:11,088 - INFO - 正在爬取文章: [問卦] 睡覺小瞇一下，瞇多久最有精神
2025-07-07 09:53:12,402 - INFO - 正在爬取文章: [問卦] 小島秀夫看到台灣颱風上班會想什麼
2025-07-07 09:53:13,727 - INFO - 正在爬取文章: [新聞] 台灣稅率達32％？ 美財長放話：台、歐若
2025-07-07 09:53:15,141 - INFO - 正在爬取文章: [問卦] 誰他媽會在意經濟跟沒放假準確
2025-07-07 09:53:16,503 - INFO - 正在爬取文章: [問卦] 怎麼從去年開始 有一些颱風都會登陸台灣
2025-07-07 09:53:17,844 - INFO - 正在爬取文章: [問卦] 台北有人封神了嗎？
2025-07-07 09:53:19,170 - INFO - 正在爬取文章: Re: [問卦] 中國地域梗怎麼越來越多啊？
2025-07-07 09:53:20,502 - INFO - 正在爬取文章: [問卦] 原來世界末日是指北北基沒有颱風假
2025-07-07 09:53:21,836 - INFO - 正在爬取文章: [問卦] 為什麼有人會想要1天換5天?
2025-07-07 09:53:23,179 - INFO - 正在爬取文章: [問卦] 認真問，桃園這樣放，大家覺得？
2025-07-07 09:53:24,518 - INFO - 正在爬取文章: [問卦] 政府不用照顧人民的小確幸心情嗎
2025-07-07 09:53:25,934 - INFO - 正在爬取文章: [問卦] 是做太好才被天妒的吧？
2025-07-07 09:53:27,251 - INFO - 正在爬取文章: [問卦] 不能po新聞的八卦版，怎麼那麼清新
2025-07-07 09:53:28,587 - INFO - 正在爬取文章: [問卦] 有人跟我一樣想移民高雄嗎？
2025-07-07 09:53:30,028 - INFO - 正在爬取文章: [問卦] 臉帥跟程式漂亮哪個比較重要
2025-07-07 09:53:31,347 - INFO - 正在爬取文章: [問卦] 若要評分要給丹娜絲颱風幾分？
2025-07-07 09:53:32,693 - INFO - 正在爬取文章: Re: [問卦] 認真說台北沒放假是正確的嗎
2025-07-07 09:53:34,031 - INFO - 正在爬取文章: [問卦] 是不是怎麼做都有話說？
2025-07-07 09:53:35,358 - INFO - 正在爬取文章: [問卦] 只有我現在才知道林若亞是梧桐妹的繼母
2025-07-07 09:53:38,716 - INFO - 正在爬取第3頁: https://www.ptt.cc/bbs/Gossiping/index38955.html
2025-07-07 09:53:39,039 - INFO - 正在爬取文章: Re: [問卦] 認真問 羈押的標準是什麼？
2025-07-07 09:53:40,366 - INFO - 正在爬取文章: Re: [問卦] 這次放假事件 八卦板翻車紀錄再+1？
2025-07-07 09:53:41,800 - INFO - 正在爬取文章: [問卦] 高雄同事：得罪中央，就是永遠放不了假
2025-07-07 09:53:43,155 - INFO - 正在爬取文章: Re: [問卦] 會因為要上班這樣支持大罷免嗎？
2025-07-07 09:53:44,583 - INFO - 正在爬取文章: Re: [問卦] 人如果沒怎麼努力就有無盡財富會怎麼樣？
2025-07-07 09:53:45,902 - INFO - 正在爬取文章: [問卦] 為什麼台灣人這麼想放假？
2025-07-07 09:53:47,223 - INFO - 正在爬取文章: [問卦] 日料賺太多or吃到飽轉太少？
2025-07-07 09:53:48,669 - INFO - 正在爬取文章: [問卦] 是送分題還是陷阱題？
2025-07-07 09:53:49,991 - INFO - 正在爬取文章: [問卦] 認真問 台北颱風要有感覺 要什麼等級以上
2025-07-07 09:53:51,331 - INFO - 正在爬取文章: [問卦] 這次是第一次颱風假風向這麼亂的嗎？
2025-07-07 09:53:52,659 - INFO - 正在爬取文章: Re: [問卦] 認真問，這次台南怎麼那麼慘？？？
2025-07-07 09:53:53,977 - INFO - 正在爬取文章: [問卦] 放颱風假 要怎麼點外送啦
2025-07-07 09:53:55,289 - INFO - 正在爬取文章: [新聞] 「打草」遭反噬！ 四叉貓疑遭報復檢舉
2025-07-07 09:53:56,619 - INFO - 正在爬取文章: [問卦] 一堆人看到關水門就見獵心喜吧？
2025-07-07 09:53:57,926 - INFO - 正在爬取文章: [問卦] 北部上班繳稅養南部 合理啊==
2025-07-07 09:53:59,242 - INFO - 正在爬取文章: [問卦] 這次哪個縣市算賺到颱風假?
2025-07-07 09:54:00,636 - INFO - 正在爬取文章: [問卦] 幹板橋風超大差點被吹到摔死
2025-07-07 09:54:02,007 - INFO - 正在爬取文章: [問卦] 有沒有理工宅比的東西與眾不同的卦
2025-07-07 09:54:03,334 - INFO - 正在爬取文章: [問卦] 今天還要上班的都什麼人？☺
2025-07-07 09:54:04,706 - INFO - 正在爬取文章: [問卦] 一百歲的武術宗師打的贏20歲路人嗎
2025-07-07 09:54:08,097 - INFO - 正在爬取第4頁: https://www.ptt.cc/bbs/Gossiping/index38954.html
2025-07-07 09:54:08,464 - INFO - 正在爬取文章: [問卦] 快9點了，台北會翻牌嗎
2025-07-07 09:54:09,878 - INFO - 正在爬取文章: [問卦] 怎麼判斷肛門健康不健康？
2025-07-07 09:54:11,176 - INFO - 正在爬取文章: [問卦] 天氣預報這麼準還放假不用負責？
2025-07-07 09:54:12,534 - INFO - 正在爬取文章: [問卦] 耶穌網路聲量是不是現在比佛陀阿拉聲量高
2025-07-07 09:54:13,946 - INFO - 正在爬取文章: [問卦] 笑死颱風走這路線也不過如此
2025-07-07 09:54:15,291 - INFO - 正在爬取文章: [問卦] 要如何改變台灣的民粹風氣？
2025-07-07 09:54:16,699 - INFO - 正在爬取文章: [問卦]為什麼每次颱風假,百貨KTV都爆滿,不用防颱
2025-07-07 09:54:18,056 - INFO - 正在爬取文章: [問卦] 贏了科學失了民心，值得嗎？
2025-07-07 09:54:19,368 - INFO - 正在爬取文章: [問卦] 認真問，這次台南怎麼那麼慘？？？
2025-07-07 09:54:20,822 - INFO - 正在爬取文章: [問卦] 颱風就這？
2025-07-07 09:54:22,324 - INFO - 正在爬取文章: [問卦] steam打折的遊戲可以買嗎？
2025-07-07 09:54:23,628 - INFO - 正在爬取文章: [問卦] 柯南裡面有犯人因為沒被放假而作案的嗎？
2025-07-07 09:54:25,014 - INFO - 正在爬取文章: Re: [問卦] 會因為要上班這樣支持大罷免嗎？
2025-07-07 09:54:26,341 - INFO - 正在爬取文章: [問卦] 在台灣尊重專業是什麼很賤的事情嗎
2025-07-07 09:54:27,652 - INFO - 正在爬取文章: [問卦] 認真說台北沒放假是正確的嗎
2025-07-07 09:54:29,005 - INFO - 正在爬取文章: [問卦] 今天新聞會怎麼報沒放颱風假的新聞？
2025-07-07 09:54:30,308 - INFO - 正在爬取文章: [問卦] 這次颱風 台南怎感覺比高雄嚴重?
2025-07-07 09:54:31,674 - INFO - 正在爬取文章: Re: [問卦] 會因為要上班這樣支持大罷免嗎？
2025-07-07 09:54:33,037 - INFO - 正在爬取文章: [新聞] 喝咖啡能修復受損細胞 英研究：助開啟長
2025-07-07 09:54:36,472 - INFO - 正在爬取第5頁: https://www.ptt.cc/bbs/Gossiping/index38953.html
2025-07-07 09:54:36,833 - INFO - 正在爬取文章: Re: [問卦] 新竹狂風暴雨中請小心
2025-07-07 09:54:38,140 - INFO - 正在爬取文章: [問卦] google地圖很恐佈 個資
2025-07-07 09:54:39,457 - INFO - 正在爬取文章: [問卦] 今天是不是幾乎皆大歡喜？
2025-07-07 09:54:40,797 - INFO - 正在爬取文章: [問卦] 風大雨大 太陽？
2025-07-07 09:54:42,119 - INFO - 正在爬取文章: [問卦] 氣象局在尬嘛？第一個颱風就這麼亂？
2025-07-07 09:54:43,454 - INFO - 正在爬取文章: [問卦] 有誰會因為放錯颱風假而不爽的？
2025-07-07 09:54:44,795 - INFO - 正在爬取文章: [問卦] 會原諒龍樹諒嗎？
2025-07-07 09:54:46,213 - INFO - 正在爬取文章: [問卦] 颱風天吃什麼早餐開盤比較專業
2025-07-07 09:54:47,535 - INFO - 正在爬取文章: [問卦] 中國地域梗怎麼越來越多啊？
2025-07-07 09:54:48,872 - INFO - 正在爬取文章: [問卦] 為什麼現在都不紀念七七盧溝橋抗日
2025-07-07 09:54:50,214 - INFO - 正在爬取文章: [問卦] 很愛糾正錯別字的人是怎樣？
2025-07-07 09:54:51,540 - INFO - 正在爬取文章: [問卦] 悲慟！台北無風無雨八又翻……
2025-07-07 09:54:52,857 - INFO - 正在爬取文章: Re: [問卦] 會因為要上班這樣支持大罷免嗎？
2025-07-07 09:54:54,215 - INFO - 正在爬取文章: [問卦] 颱風來的時候 同島一假 合理吧.
2025-07-07 09:54:55,528 - INFO - 正在爬取文章: [問卦] 得民心者是不是不一定可以得天下?
2025-07-07 09:54:56,860 - INFO - 正在爬取文章: [問卦] 各位也會說"給力"嗎? 這詞哪來的?
2025-07-07 09:54:58,200 - INFO - 正在爬取文章: [問卦] 颱風走了 高雄黑色光電森林結果？
2025-07-07 09:54:59,538 - INFO - 正在爬取文章: [問卦] 高雄果真無風雨
2025-07-07 09:55:00,958 - INFO - 正在爬取文章: [問卦] 颱風假標準要改吧
2025-07-07 09:55:04,318 - INFO - 爬取完成，共取得101篇文章
2025-07-07 09:55:04,320 - INFO - 成功爬取 101 篇文章
2025-07-07 09:55:04,321 - INFO - PTT RAG主系統已關閉
2025-07-07 10:01:57,901 - INFO - 資料表建立完成
2025-07-07 10:01:57,901 - INFO - 資料庫初始化完成
2025-07-07 10:01:57,901 - INFO - 資料庫管理器初始化完成
2025-07-07 10:01:57,901 - INFO - 資料庫連線已關閉
2025-07-07 10:01:57,901 - INFO - PTT RAG主系統已關閉
2025-07-07 10:09:25,954 - INFO - 開始爬取PTT八卦版前3頁文章
2025-07-07 10:09:25,954 - INFO - PTT爬蟲初始化完成
2025-07-07 10:09:25,954 - INFO - 開始爬取PTT八卦版前3頁文章
2025-07-07 10:09:25,958 - INFO - 正在爬取第1頁: https://www.ptt.cc/bbs/Gossiping/index.html
2025-07-07 10:09:26,770 - INFO - 正在爬取文章: [問卦] 日劇開刀劇情是怎拍的
2025-07-07 10:09:28,184 - INFO - 正在爬取文章: Re: [問卦] 怎麼突然一堆人對台北沒放假這麼恨？
2025-07-07 10:09:29,515 - INFO - 正在爬取文章: [問卦] 幫我看看這是不是靈異照片？
2025-07-07 10:09:30,848 - INFO - 正在爬取文章: [問卦] 看了股市，下定決心要好好上班？
2025-07-07 10:09:32,192 - INFO - 正在爬取文章: [問卦] 幹你媽 為什麼政客都是慣老闆阿
2025-07-07 10:09:33,500 - INFO - 正在爬取文章: [問卦] 太陽能板們這次通過考驗了吧？
2025-07-07 10:09:34,833 - INFO - 正在爬取文章: [問卦] 之前預測半天準就封神  那北北基要封什
2025-07-07 10:09:36,143 - INFO - 正在爬取文章: [公告] 八卦板板規(2025.01.21)
2025-07-07 10:09:37,501 - INFO - 正在爬取文章: [公告] 【八卦金曲獎】一曲封神，全員高能爆燈！
2025-07-07 10:09:38,848 - INFO - 正在爬取文章: [協尋] 6/30台北市林森北路行車紀錄器
2025-07-07 10:09:40,155 - INFO - 正在爬取文章: [協尋] 07/04 台南新營長榮路二段行車記錄
2025-07-07 10:09:41,460 - INFO - 正在爬取文章: [公告] 7/6颱風PTT系統異常憐憫令
2025-07-07 10:09:44,891 - INFO - 正在爬取第2頁: https://www.ptt.cc/bbs/Gossiping/index38958.html
2025-07-07 10:09:45,225 - INFO - 正在爬取文章: [問卦] PTT 怎麼常常掛點？
2025-07-07 10:09:46,535 - INFO - 正在爬取文章: [新聞] 快訊／高雄沒風沒雨！百貨沒放颱風假
2025-07-07 10:09:47,963 - INFO - 正在爬取文章: [問卦] PTT掛掉才是世界末日吧？
2025-07-07 10:09:49,380 - INFO - 正在爬取文章: [問卦] 女生說:很多男生拜倒在我石榴裙下
2025-07-07 10:09:50,710 - INFO - 正在爬取文章: [新聞] 台南逾17萬戶停電待搶修
2025-07-07 10:09:52,015 - INFO - 正在爬取文章: [問卦] 空手道厲害嗎
2025-07-07 10:09:53,356 - INFO - 正在爬取文章: Re: [問卦] 高雄人：台北沒放到假羨慕嗎？
2025-07-07 10:09:54,710 - INFO - 正在爬取文章: [問卦] 颱風假是不是白放了？
2025-07-07 10:09:56,014 - INFO - 正在爬取文章: [問卦] 三重開始大雨了 下午484可以放假?
2025-07-07 10:09:57,359 - INFO - 正在爬取文章: [問卦] 高雄阿公店水庫
2025-07-07 10:09:58,703 - INFO - 正在爬取文章: [新聞] 沒放颱風假被罵翻…今幫蔣萬安平反了 網
2025-07-07 10:10:00,028 - INFO - 正在爬取文章: [問卦] 散了耶？
2025-07-07 10:10:01,369 - INFO - 正在爬取文章: [問卦] 台北中午會不會宣布停班停課？
2025-07-07 10:10:02,798 - INFO - 正在爬取文章: [問卦] 欸！台北放颱風假會很心虛吧
2025-07-07 10:10:04,106 - INFO - 正在爬取文章: [問卦] 剛剛水桶到一半突然被踢下線...
2025-07-07 10:10:05,467 - INFO - 正在爬取文章: [新聞] 軍營禁酒令比照美國解除？ 國防部評估中
2025-07-07 10:10:06,891 - INFO - 正在爬取文章: [新聞] 快訊／丹娜絲出海！台中風雨小　百貨公司
2025-07-07 10:10:08,199 - INFO - 正在爬取文章: [爆卦] FBI:蘿莉島主是自殺、無「有罪客戶名單」
2025-07-07 10:10:09,573 - INFO - 正在爬取文章: [問卦] 我朋友被政府高層控制  怎麼辦？
2025-07-07 10:10:10,990 - INFO - 正在爬取文章: [公告] 八卦板板規(2025.01.21)
2025-07-07 10:10:12,453 - INFO - 正在爬取文章: [公告] 【八卦金曲獎】一曲封神，全員高能爆燈！
2025-07-07 10:10:13,792 - INFO - 正在爬取文章: [協尋] 6/30台北市林森北路行車紀錄器
2025-07-07 10:10:15,105 - INFO - 正在爬取文章: [協尋] 07/04 台南新營長榮路二段行車記錄
2025-07-07 10:10:16,416 - INFO - 正在爬取文章: [公告] 7/6颱風PTT系統異常憐憫令
2025-07-07 10:10:19,842 - INFO - 正在爬取第3頁: https://www.ptt.cc/bbs/Gossiping/index38957.html
2025-07-07 10:10:20,193 - INFO - 正在爬取文章: [問卦] 颱風假也是分化台灣人的一環嗎？
2025-07-07 10:10:21,520 - INFO - 正在爬取文章: Re: [問卦] 笑死颱風走這路線也不過如此
2025-07-07 10:10:22,821 - INFO - 正在爬取文章: Re: [問卦] 要如何改變台灣的民粹風氣？
2025-07-07 10:10:24,136 - INFO - 正在爬取文章: [問卦] 演講會恢復嗎？
2025-07-07 10:10:25,537 - INFO - 正在爬取文章: [問卦] 怎麼突然一堆人對台北沒放假這麼恨？
2025-07-07 10:10:26,899 - INFO - 正在爬取文章: [問卦] 小風小雨地區一直哭鬧想放假的人
2025-07-07 10:10:28,297 - INFO - 正在爬取文章: [問卦] 為什麼嘉義市會這麼慘
2025-07-07 10:10:29,623 - INFO - 正在爬取文章: [問卦] 為何南部不像台北把治水搞好？
2025-07-07 10:10:30,952 - INFO - 正在爬取文章: [問卦] 台東人以前是怎麼撐過強颱的阿……
2025-07-07 10:10:32,284 - INFO - 正在爬取文章: [問卦] 台灣沒有中央山脈是不是就海地
2025-07-07 10:10:33,622 - INFO - 正在爬取文章: Re: [新聞] 「打草」遭反噬！ 四叉貓疑遭報復檢舉
2025-07-07 10:10:34,970 - INFO - 正在爬取文章: [問卦] 高雄人：台北沒放到假羨慕嗎？
2025-07-07 10:10:36,396 - INFO - 正在爬取文章: [新聞] 麥當勞少女控主管性侵再議成功　士檢「新
2025-07-07 10:10:37,714 - INFO - 正在爬取文章: [問卦] 所以PTT站方有要說明貼網址問題嗎?
2025-07-07 10:10:39,058 - INFO - 正在爬取文章: [問卦] 今天臺北/新北人有啥計畫才專業的八卦?
2025-07-07 10:10:40,460 - INFO - 正在爬取文章: [問卦] 個資法羈押，要怎麼收場
2025-07-07 10:10:41,780 - INFO - 正在爬取文章: Re: [問卦] 怎麼突然一堆人對台北沒放假這麼恨？
2025-07-07 10:10:43,094 - INFO - 正在爬取文章: [新聞] 蔣萬安宣布上班課綠粉專留言4字 她轟不演
2025-07-07 10:10:44,487 - INFO - 正在爬取文章: [爆卦] PTT恢復了!!!
2025-07-07 10:10:47,853 - INFO - 爬取完成，共取得55篇文章
2025-07-07 10:10:47,853 - INFO - 成功爬取 55 篇文章
2025-07-07 10:10:47,853 - INFO - 開始儲存文章到資料庫
2025-07-07 10:10:47,855 - INFO - 資料表建立完成
2025-07-07 10:10:47,855 - INFO - 資料庫初始化完成
2025-07-07 10:10:47,855 - INFO - 資料庫管理器初始化完成
2025-07-07 10:10:47,863 - INFO - 成功插入 50 篇新文章
2025-07-07 10:10:47,863 - INFO - 成功儲存 50 篇新文章到資料庫
2025-07-07 10:10:47,863 - INFO - 成功儲存 50 篇新文章到資料庫
2025-07-07 10:10:47,864 - INFO - 資料庫連線已關閉
2025-07-07 10:10:47,864 - INFO - PTT RAG主系統已關閉
2025-07-07 10:12:24,302 - INFO - 資料表建立完成
2025-07-07 10:12:24,303 - INFO - 資料庫初始化完成
2025-07-07 10:12:24,303 - INFO - 資料庫管理器初始化完成
2025-07-07 10:12:24,306 - INFO - 資料庫連線已關閉
2025-07-07 10:12:24,306 - INFO - PTT RAG主系統已關閉
